<?xml version="1.0" encoding="UTF-8"?>
<coverage generated="1762846879136" clover="3.2.0">
  <project timestamp="1762846879136" name="All files">
    <metrics statements="185" coveredstatements="136" conditionals="97" coveredconditionals="65" methods="34" coveredmethods="28" elements="316" coveredelements="229" complexity="0" loc="185" ncloc="185" packages="7" files="10" classes="10"/>
    <package name="client.src.components">
      <metrics statements="14" coveredstatements="13" conditionals="15" coveredconditionals="14" methods="3" coveredmethods="3"/>
      <file name="Button.jsx" path="/home/steve/Desktop/testing-and-debugging-ensuring-mern-app-reliability-StephenNafula/client/src/components/Button.jsx">
        <metrics statements="14" coveredstatements="13" conditionals="15" coveredconditionals="14" methods="3" coveredmethods="3"/>
        <line num="4" count="1" type="stmt"/>
        <line num="5" count="12" type="cond" truecount="3" falsecount="0"/>
        <line num="7" count="1" type="stmt"/>
        <line num="9" count="1" type="stmt"/>
        <line num="11" count="10" type="stmt"/>
        <line num="15" count="1" type="stmt"/>
        <line num="16" count="12" type="cond" truecount="3" falsecount="1"/>
        <line num="18" count="1" type="stmt"/>
        <line num="20" count="10" type="stmt"/>
        <line num="22" count="1" type="stmt"/>
        <line num="24" count="0" type="stmt"/>
        <line num="28" count="1" type="cond" truecount="4" falsecount="0"/>
        <line num="29" count="12" type="cond" truecount="2" falsecount="0"/>
        <line num="33" count="12" type="stmt"/>
      </file>
    </package>
    <package name="client.src.hooks">
      <metrics statements="31" coveredstatements="31" conditionals="10" coveredconditionals="9" methods="12" coveredmethods="12"/>
      <file name="useForm.js" path="/home/steve/Desktop/testing-and-debugging-ensuring-mern-app-reliability-StephenNafula/client/src/hooks/useForm.js">
        <metrics statements="31" coveredstatements="31" conditionals="10" coveredconditionals="9" methods="12" coveredmethods="12"/>
        <line num="13" count="25" type="stmt"/>
        <line num="14" count="25" type="stmt"/>
        <line num="15" count="25" type="stmt"/>
        <line num="16" count="25" type="stmt"/>
        <line num="18" count="25" type="stmt"/>
        <line num="19" count="4" type="stmt"/>
        <line num="20" count="4" type="cond" truecount="2" falsecount="0"/>
        <line num="22" count="4" type="stmt"/>
        <line num="28" count="4" type="cond" truecount="2" falsecount="0"/>
        <line num="29" count="1" type="stmt"/>
        <line num="36" count="25" type="stmt"/>
        <line num="37" count="2" type="stmt"/>
        <line num="38" count="2" type="stmt"/>
        <line num="44" count="25" type="stmt"/>
        <line num="45" count="4" type="stmt"/>
        <line num="46" count="4" type="stmt"/>
        <line num="48" count="4" type="stmt"/>
        <line num="49" count="4" type="stmt"/>
        <line num="51" count="2" type="cond" truecount="4" falsecount="0"/>
        <line num="52" count="1" type="stmt"/>
        <line num="54" count="1" type="cond" truecount="1" falsecount="1"/>
        <line num="57" count="4" type="stmt"/>
        <line num="61" count="25" type="stmt"/>
        <line num="62" count="1" type="stmt"/>
        <line num="63" count="1" type="stmt"/>
        <line num="64" count="1" type="stmt"/>
        <line num="67" count="25" type="stmt"/>
        <line num="68" count="1" type="stmt"/>
        <line num="74" count="25" type="stmt"/>
        <line num="75" count="3" type="stmt"/>
        <line num="81" count="25" type="stmt"/>
      </file>
    </package>
    <package name="client.src.utils">
      <metrics statements="22" coveredstatements="22" conditionals="9" coveredconditionals="9" methods="5" coveredmethods="5"/>
      <file name="api.js" path="/home/steve/Desktop/testing-and-debugging-ensuring-mern-app-reliability-StephenNafula/client/src/utils/api.js">
        <metrics statements="22" coveredstatements="22" conditionals="9" coveredconditionals="9" methods="5" coveredmethods="5"/>
        <line num="11" count="10" type="stmt"/>
        <line num="16" count="10" type="stmt"/>
        <line num="17" count="10" type="cond" truecount="2" falsecount="0"/>
        <line num="18" count="1" type="stmt"/>
        <line num="21" count="10" type="stmt"/>
        <line num="26" count="10" type="stmt"/>
        <line num="27" count="10" type="stmt"/>
        <line num="29" count="9" type="cond" truecount="2" falsecount="0"/>
        <line num="30" count="2" type="stmt"/>
        <line num="31" count="2" type="stmt"/>
        <line num="32" count="2" type="stmt"/>
        <line num="33" count="2" type="stmt"/>
        <line num="35" count="1" type="stmt"/>
        <line num="37" count="2" type="stmt"/>
        <line num="40" count="7" type="stmt"/>
        <line num="41" count="7" type="stmt"/>
        <line num="43" count="3" type="stmt"/>
        <line num="54" count="1" type="stmt"/>
        <line num="65" count="1" type="stmt"/>
        <line num="80" count="1" type="stmt"/>
        <line num="94" count="1" type="stmt"/>
        <line num="97" count="1" type="stmt"/>
      </file>
    </package>
    <package name="server.src">
      <metrics statements="58" coveredstatements="14" conditionals="28" coveredconditionals="0" methods="5" coveredmethods="0"/>
      <file name="app.js" path="/home/steve/Desktop/testing-and-debugging-ensuring-mern-app-reliability-StephenNafula/server/src/app.js">
        <metrics statements="58" coveredstatements="14" conditionals="28" coveredconditionals="0" methods="5" coveredmethods="0"/>
        <line num="4" count="1" type="stmt"/>
        <line num="5" count="1" type="stmt"/>
        <line num="6" count="1" type="stmt"/>
        <line num="7" count="1" type="stmt"/>
        <line num="8" count="1" type="stmt"/>
        <line num="10" count="1" type="stmt"/>
        <line num="13" count="1" type="stmt"/>
        <line num="21" count="1" type="stmt"/>
        <line num="22" count="0" type="stmt"/>
        <line num="23" count="0" type="stmt"/>
        <line num="25" count="0" type="cond" truecount="0" falsecount="4"/>
        <line num="26" count="0" type="stmt"/>
        <line num="35" count="0" type="stmt"/>
        <line num="43" count="0" type="stmt"/>
        <line num="45" count="0" type="stmt"/>
        <line num="53" count="1" type="stmt"/>
        <line num="54" count="0" type="stmt"/>
        <line num="55" count="0" type="cond" truecount="0" falsecount="2"/>
        <line num="56" count="0" type="stmt"/>
        <line num="58" count="0" type="stmt"/>
        <line num="59" count="0" type="cond" truecount="0" falsecount="2"/>
        <line num="60" count="0" type="stmt"/>
        <line num="63" count="0" type="stmt"/>
        <line num="68" count="0" type="stmt"/>
        <line num="70" count="0" type="stmt"/>
        <line num="78" count="1" type="stmt"/>
        <line num="79" count="0" type="stmt"/>
        <line num="80" count="0" type="stmt"/>
        <line num="82" count="0" type="cond" truecount="0" falsecount="2"/>
        <line num="83" count="0" type="stmt"/>
        <line num="86" count="0" type="stmt"/>
        <line num="88" count="0" type="stmt"/>
        <line num="96" count="1" type="stmt"/>
        <line num="97" count="0" type="stmt"/>
        <line num="98" count="0" type="stmt"/>
        <line num="100" count="0" type="cond" truecount="0" falsecount="2"/>
        <line num="101" count="0" type="stmt"/>
        <line num="105" count="0" type="cond" truecount="0" falsecount="2"/>
        <line num="106" count="0" type="stmt"/>
        <line num="109" count="0" type="stmt"/>
        <line num="110" count="0" type="cond" truecount="0" falsecount="2"/>
        <line num="111" count="0" type="cond" truecount="0" falsecount="2"/>
        <line num="112" count="0" type="cond" truecount="0" falsecount="2"/>
        <line num="114" count="0" type="stmt"/>
        <line num="116" count="0" type="stmt"/>
        <line num="118" count="0" type="stmt"/>
        <line num="126" count="1" type="stmt"/>
        <line num="127" count="0" type="stmt"/>
        <line num="128" count="0" type="stmt"/>
        <line num="130" count="0" type="cond" truecount="0" falsecount="2"/>
        <line num="131" count="0" type="stmt"/>
        <line num="135" count="0" type="cond" truecount="0" falsecount="2"/>
        <line num="136" count="0" type="stmt"/>
        <line num="139" count="0" type="stmt"/>
        <line num="141" count="0" type="stmt"/>
        <line num="143" count="0" type="stmt"/>
        <line num="148" count="1" type="stmt"/>
        <line num="150" count="1" type="stmt"/>
      </file>
    </package>
    <package name="server.src.middleware">
      <metrics statements="20" coveredstatements="19" conditionals="14" coveredconditionals="14" methods="2" coveredmethods="2"/>
      <file name="auth.js" path="/home/steve/Desktop/testing-and-debugging-ensuring-mern-app-reliability-StephenNafula/server/src/middleware/auth.js">
        <metrics statements="13" coveredstatements="12" conditionals="6" coveredconditionals="6" methods="1" coveredmethods="1"/>
        <line num="4" count="3" type="stmt"/>
        <line num="13" count="10" type="stmt"/>
        <line num="14" count="10" type="stmt"/>
        <line num="15" count="10" type="cond" truecount="4" falsecount="0"/>
        <line num="16" count="4" type="stmt"/>
        <line num="19" count="6" type="stmt"/>
        <line num="20" count="6" type="stmt"/>
        <line num="22" count="6" type="cond" truecount="2" falsecount="0"/>
        <line num="23" count="3" type="stmt"/>
        <line num="26" count="3" type="stmt"/>
        <line num="27" count="3" type="stmt"/>
        <line num="29" count="0" type="stmt"/>
        <line num="33" count="3" type="stmt"/>
      </file>
      <file name="errorHandler.js" path="/home/steve/Desktop/testing-and-debugging-ensuring-mern-app-reliability-StephenNafula/server/src/middleware/errorHandler.js">
        <metrics statements="7" coveredstatements="7" conditionals="8" coveredconditionals="8" methods="1" coveredmethods="1"/>
        <line num="7" count="7" type="stmt"/>
        <line num="9" count="7" type="cond" truecount="2" falsecount="0"/>
        <line num="10" count="7" type="stmt"/>
        <line num="14" count="7" type="cond" truecount="4" falsecount="0"/>
        <line num="15" count="2" type="stmt"/>
        <line num="18" count="7" type="stmt"/>
        <line num="21" count="2" type="stmt"/>
      </file>
    </package>
    <package name="server.src.models">
      <metrics statements="12" coveredstatements="9" conditionals="2" coveredconditionals="0" methods="1" coveredmethods="0"/>
      <file name="Post.js" path="/home/steve/Desktop/testing-and-debugging-ensuring-mern-app-reliability-StephenNafula/server/src/models/Post.js">
        <metrics statements="4" coveredstatements="4" conditionals="0" coveredconditionals="0" methods="0" coveredmethods="0"/>
        <line num="4" count="1" type="stmt"/>
        <line num="6" count="1" type="stmt"/>
        <line num="39" count="1" type="stmt"/>
        <line num="41" count="1" type="stmt"/>
      </file>
      <file name="User.js" path="/home/steve/Desktop/testing-and-debugging-ensuring-mern-app-reliability-StephenNafula/server/src/models/User.js">
        <metrics statements="8" coveredstatements="5" conditionals="2" coveredconditionals="0" methods="1" coveredmethods="0"/>
        <line num="4" count="1" type="stmt"/>
        <line num="6" count="1" type="stmt"/>
        <line num="34" count="1" type="stmt"/>
        <line num="35" count="0" type="cond" truecount="0" falsecount="2"/>
        <line num="37" count="0" type="stmt"/>
        <line num="38" count="0" type="stmt"/>
        <line num="41" count="1" type="stmt"/>
        <line num="43" count="1" type="stmt"/>
      </file>
    </package>
    <package name="server.src.utils">
      <metrics statements="28" coveredstatements="28" conditionals="19" coveredconditionals="19" methods="6" coveredmethods="6"/>
      <file name="auth.js" path="/home/steve/Desktop/testing-and-debugging-ensuring-mern-app-reliability-StephenNafula/server/src/utils/auth.js">
        <metrics statements="12" coveredstatements="12" conditionals="7" coveredconditionals="7" methods="2" coveredmethods="2"/>
        <line num="4" count="4" type="stmt"/>
        <line num="15" count="15" type="stmt"/>
        <line num="16" count="15" type="stmt"/>
        <line num="24" count="15" type="stmt"/>
        <line num="29" count="15" type="stmt"/>
        <line num="38" count="25" type="stmt"/>
        <line num="39" count="25" type="stmt"/>
        <line num="40" count="23" type="cond" truecount="5" falsecount="0"/>
        <line num="42" count="14" type="stmt"/>
        <line num="43" count="10" type="stmt"/>
        <line num="45" count="6" type="stmt"/>
        <line num="49" count="4" type="stmt"/>
      </file>
      <file name="validation.js" path="/home/steve/Desktop/testing-and-debugging-ensuring-mern-app-reliability-StephenNafula/server/src/utils/validation.js">
        <metrics statements="16" coveredstatements="16" conditionals="12" coveredconditionals="12" methods="4" coveredmethods="4"/>
        <line num="10" count="10" type="stmt"/>
        <line num="11" count="10" type="stmt"/>
        <line num="21" count="8" type="stmt"/>
        <line num="22" count="8" type="cond" truecount="4" falsecount="0"/>
        <line num="23" count="4" type="stmt"/>
        <line num="25" count="8" type="cond" truecount="2" falsecount="0"/>
        <line num="26" count="4" type="stmt"/>
        <line num="28" count="8" type="cond" truecount="2" falsecount="0"/>
        <line num="29" count="1" type="stmt"/>
        <line num="31" count="8" type="cond" truecount="2" falsecount="0"/>
        <line num="32" count="4" type="stmt"/>
        <line num="34" count="8" type="stmt"/>
        <line num="43" count="9" type="cond" truecount="2" falsecount="0"/>
        <line num="44" count="6" type="stmt"/>
        <line num="53" count="9" type="stmt"/>
        <line num="56" count="1" type="stmt"/>
      </file>
    </package>
  </project>
</coverage>
