<?xml version="1.0" encoding="UTF-8"?>
<coverage generated="1762845814995" clover="3.2.0">
  <project timestamp="1762845814995" name="All files">
    <metrics statements="14" coveredstatements="13" conditionals="15" coveredconditionals="14" methods="3" coveredmethods="3" elements="32" coveredelements="30" complexity="0" loc="14" ncloc="14" packages="1" files="1" classes="1"/>
    <file name="Button.jsx" path="/home/steve/Desktop/testing-and-debugging-ensuring-mern-app-reliability-StephenNafula/client/src/components/Button.jsx">
      <metrics statements="14" coveredstatements="13" conditionals="15" coveredconditionals="14" methods="3" coveredmethods="3"/>
      <line num="4" count="1" type="stmt"/>
      <line num="5" count="12" type="cond" truecount="3" falsecount="0"/>
      <line num="7" count="1" type="stmt"/>
      <line num="9" count="1" type="stmt"/>
      <line num="11" count="10" type="stmt"/>
      <line num="15" count="1" type="stmt"/>
      <line num="16" count="12" type="cond" truecount="3" falsecount="1"/>
      <line num="18" count="1" type="stmt"/>
      <line num="20" count="10" type="stmt"/>
      <line num="22" count="1" type="stmt"/>
      <line num="24" count="0" type="stmt"/>
      <line num="28" count="1" type="cond" truecount="4" falsecount="0"/>
      <line num="29" count="12" type="cond" truecount="2" falsecount="0"/>
      <line num="33" count="12" type="stmt"/>
    </file>
  </project>
</coverage>
