TN:
SF:client/src/components/Button.jsx
FN:4,(anonymous_0)
FN:15,(anonymous_1)
FN:28,(anonymous_2)
FNF:3
FNH:3
FNDA:12,(anonymous_0)
FNDA:12,(anonymous_1)
FNDA:12,(anonymous_2)
DA:4,1
DA:5,12
DA:7,1
DA:9,1
DA:11,10
DA:15,1
DA:16,12
DA:18,1
DA:20,10
DA:22,1
DA:24,0
DA:28,1
DA:29,12
DA:33,12
LF:14
LH:13
BRDA:5,0,0,1
BRDA:5,0,1,1
BRDA:5,0,2,10
BRDA:16,1,0,1
BRDA:16,1,1,10
BRDA:16,1,2,1
BRDA:16,1,3,0
BRDA:28,2,0,9
BRDA:28,3,0,9
BRDA:28,4,0,10
BRDA:28,5,0,11
BRDA:29,6,0,2
BRDA:29,6,1,10
BRDA:38,7,0,2
BRDA:38,7,1,10
BRF:15
BRH:14
end_of_record
TN:
SF:client/src/hooks/useForm.js
FN:12,useForm
FN:18,(anonymous_1)
FN:22,(anonymous_2)
FN:29,(anonymous_3)
FN:36,(anonymous_4)
FN:38,(anonymous_5)
FN:44,(anonymous_6)
FN:61,(anonymous_7)
FN:67,(anonymous_8)
FN:68,(anonymous_9)
FN:74,(anonymous_10)
FN:75,(anonymous_11)
FNF:12
FNH:12
FNDA:25,useForm
FNDA:4,(anonymous_1)
FNDA:4,(anonymous_2)
FNDA:1,(anonymous_3)
FNDA:2,(anonymous_4)
FNDA:2,(anonymous_5)
FNDA:4,(anonymous_6)
FNDA:1,(anonymous_7)
FNDA:1,(anonymous_8)
FNDA:1,(anonymous_9)
FNDA:3,(anonymous_10)
FNDA:3,(anonymous_11)
DA:13,25
DA:14,25
DA:15,25
DA:16,25
DA:18,25
DA:19,4
DA:20,4
DA:22,4
DA:28,4
DA:29,1
DA:36,25
DA:37,2
DA:38,2
DA:44,25
DA:45,4
DA:46,4
DA:48,4
DA:49,4
DA:51,2
DA:52,1
DA:54,1
DA:57,4
DA:61,25
DA:62,1
DA:63,1
DA:64,1
DA:67,25
DA:68,1
DA:74,25
DA:75,3
DA:81,25
LF:31
LH:31
BRDA:20,0,0,1
BRDA:20,0,1,3
BRDA:28,1,0,1
BRDA:28,1,1,3
BRDA:51,2,0,1
BRDA:51,2,1,1
BRDA:51,3,0,2
BRDA:51,3,1,1
BRDA:54,4,0,1
BRDA:54,4,1,0
BRF:10
BRH:9
end_of_record
TN:
SF:client/src/utils/api.js
FN:10,apiRequest
FN:53,getRequest
FN:64,postRequest
FN:79,putRequest
FN:93,deleteRequest
FNF:5
FNH:5
FNDA:10,apiRequest
FNDA:1,getRequest
FNDA:1,postRequest
FNDA:1,putRequest
FNDA:1,deleteRequest
DA:11,10
DA:16,10
DA:17,10
DA:18,1
DA:21,10
DA:26,10
DA:27,10
DA:29,9
DA:30,2
DA:31,2
DA:32,2
DA:33,2
DA:35,1
DA:37,2
DA:40,7
DA:41,7
DA:43,3
DA:54,1
DA:65,1
DA:80,1
DA:94,1
DA:97,1
LF:22
LH:22
BRDA:10,0,0,5
BRDA:17,1,0,1
BRDA:17,1,1,9
BRDA:29,2,0,2
BRDA:29,2,1,7
BRDA:53,3,0,1
BRDA:64,4,0,1
BRDA:79,5,0,1
BRDA:93,6,0,1
BRF:9
BRH:9
end_of_record
TN:
SF:server/src/app.js
FN:21,(anonymous_0)
FN:53,(anonymous_1)
FN:78,(anonymous_2)
FN:96,(anonymous_3)
FN:126,(anonymous_4)
FNF:5
FNH:0
FNDA:0,(anonymous_0)
FNDA:0,(anonymous_1)
FNDA:0,(anonymous_2)
FNDA:0,(anonymous_3)
FNDA:0,(anonymous_4)
DA:4,1
DA:5,1
DA:6,1
DA:7,1
DA:8,1
DA:10,1
DA:13,1
DA:21,1
DA:22,0
DA:23,0
DA:25,0
DA:26,0
DA:35,0
DA:43,0
DA:45,0
DA:53,1
DA:54,0
DA:55,0
DA:56,0
DA:58,0
DA:59,0
DA:60,0
DA:63,0
DA:68,0
DA:70,0
DA:78,1
DA:79,0
DA:80,0
DA:82,0
DA:83,0
DA:86,0
DA:88,0
DA:96,1
DA:97,0
DA:98,0
DA:100,0
DA:101,0
DA:105,0
DA:106,0
DA:109,0
DA:110,0
DA:111,0
DA:112,0
DA:114,0
DA:116,0
DA:118,0
DA:126,1
DA:127,0
DA:128,0
DA:130,0
DA:131,0
DA:135,0
DA:136,0
DA:139,0
DA:141,0
DA:143,0
DA:148,1
DA:150,1
LF:58
LH:14
BRDA:25,0,0,0
BRDA:25,0,1,0
BRDA:25,1,0,0
BRDA:25,1,1,0
BRDA:29,2,0,0
BRDA:29,2,1,0
BRDA:30,3,0,0
BRDA:30,3,1,0
BRDA:55,4,0,0
BRDA:55,5,0,0
BRDA:59,6,0,0
BRDA:59,6,1,0
BRDA:82,7,0,0
BRDA:82,7,1,0
BRDA:100,8,0,0
BRDA:100,8,1,0
BRDA:105,9,0,0
BRDA:105,9,1,0
BRDA:110,10,0,0
BRDA:110,10,1,0
BRDA:111,11,0,0
BRDA:111,11,1,0
BRDA:112,12,0,0
BRDA:112,12,1,0
BRDA:130,13,0,0
BRDA:130,13,1,0
BRDA:135,14,0,0
BRDA:135,14,1,0
BRF:28
BRH:0
end_of_record
TN:
SF:server/src/middleware/auth.js
FN:12,authMiddleware
FNF:1
FNH:1
FNDA:10,authMiddleware
DA:4,3
DA:13,10
DA:14,10
DA:15,10
DA:16,4
DA:19,6
DA:20,6
DA:22,6
DA:23,3
DA:26,3
DA:27,3
DA:29,0
DA:33,3
LF:13
LH:12
BRDA:15,0,0,4
BRDA:15,0,1,6
BRDA:15,1,0,10
BRDA:15,1,1,8
BRDA:22,2,0,3
BRDA:22,2,1,3
BRF:6
BRH:6
end_of_record
TN:
SF:server/src/middleware/errorHandler.js
FN:4,errorHandler
FNF:1
FNH:1
FNDA:7,errorHandler
DA:7,7
DA:9,7
DA:10,7
DA:14,7
DA:15,2
DA:18,7
DA:21,2
LF:7
LH:7
BRDA:9,0,0,7
BRDA:9,0,1,3
BRDA:11,1,0,7
BRDA:11,1,1,2
BRDA:14,2,0,2
BRDA:14,2,1,5
BRDA:14,3,0,7
BRDA:14,3,1,3
BRF:8
BRH:8
end_of_record
TN:
SF:server/src/models/Post.js
FNF:0
FNH:0
DA:4,1
DA:6,1
DA:39,1
DA:41,1
LF:4
LH:4
BRF:0
BRH:0
end_of_record
TN:
SF:server/src/models/User.js
FN:34,hashPassword
FNF:1
FNH:0
FNDA:0,hashPassword
DA:4,1
DA:6,1
DA:34,1
DA:35,0
DA:37,0
DA:38,0
DA:41,1
DA:43,1
LF:8
LH:5
BRDA:35,0,0,0
BRDA:35,0,1,0
BRF:2
BRH:0
end_of_record
TN:
SF:server/src/utils/auth.js
FN:12,generateToken
FN:37,verifyToken
FNF:2
FNH:2
FNDA:15,generateToken
FNDA:25,verifyToken
DA:4,4
DA:15,15
DA:16,15
DA:24,15
DA:29,15
DA:38,25
DA:39,25
DA:40,23
DA:42,14
DA:43,10
DA:45,6
DA:49,4
LF:12
LH:12
BRDA:17,0,0,15
BRDA:17,0,1,1
BRDA:40,1,0,9
BRDA:40,1,1,14
BRDA:40,2,0,23
BRDA:40,2,1,21
BRDA:40,2,2,18
BRF:7
BRH:7
end_of_record
TN:
SF:server/src/utils/validation.js
FN:9,isValidEmail
FN:20,validatePassword
FN:42,sanitizeInput
FN:52,isValidObjectId
FNF:4
FNH:4
FNDA:10,isValidEmail
FNDA:8,validatePassword
FNDA:9,sanitizeInput
FNDA:9,isValidObjectId
DA:10,10
DA:11,10
DA:21,8
DA:22,8
DA:23,4
DA:25,8
DA:26,4
DA:28,8
DA:29,1
DA:31,8
DA:32,4
DA:34,8
DA:43,9
DA:44,6
DA:53,9
DA:56,1
LF:16
LH:16
BRDA:22,0,0,4
BRDA:22,0,1,4
BRDA:22,1,0,8
BRDA:22,1,1,6
BRDA:25,2,0,4
BRDA:25,2,1,4
BRDA:28,3,0,1
BRDA:28,3,1,7
BRDA:31,4,0,4
BRDA:31,4,1,4
BRDA:43,5,0,3
BRDA:43,5,1,6
BRF:12
BRH:12
end_of_record
