TN:
SF:client/src/components/Button.jsx
FN:4,(anonymous_0)
FN:15,(anonymous_1)
FN:28,(anonymous_2)
FNF:3
FNH:3
FNDA:12,(anonymous_0)
FNDA:12,(anonymous_1)
FNDA:12,(anonymous_2)
DA:4,1
DA:5,12
DA:7,1
DA:9,1
DA:11,10
DA:15,1
DA:16,12
DA:18,1
DA:20,10
DA:22,1
DA:24,0
DA:28,1
DA:29,12
DA:33,12
LF:14
LH:13
BRDA:5,0,0,1
BRDA:5,0,1,1
BRDA:5,0,2,10
BRDA:16,1,0,1
BRDA:16,1,1,10
BRDA:16,1,2,1
BRDA:16,1,3,0
BRDA:28,2,0,9
BRDA:28,3,0,9
BRDA:28,4,0,10
BRDA:28,5,0,11
BRDA:29,6,0,2
BRDA:29,6,1,10
BRDA:38,7,0,2
BRDA:38,7,1,10
BRF:15
BRH:14
end_of_record
